0	pau	0.0	0
1	pau	0.0	240
2	pau	0.0	480
3	pau	0.0	720
4	pau	0.0	960
5	pau	0.0	1200
6	pau	0.0	1440
7	pau	0.0	1680
8	pau	0.0	1920
9	pau	0.0	2160
10	pau	0.0	2400
11	pau	0.0	2640
12	pau	0.0	2880
13	pau	0.0	3120
14	pau	0.0	3360
15	pau	0.0	3600
16	pau	0.0	3840
17	pau	0.0	4080
18	pau	0.0	4320
19	pau	0.0	4560
20	pau	0.0	4800
21	pau	0.0	5040
22	pau	0.0	5280
23	pau	0.0	5520
24	pau	0.0	5760
25	pau	0.0	6000
26	pau	0.0	6240
27	pau	0.0	6480
28	pau	0.0	6720
29	pau	0.0	6960
30	pau	0.0	7200
31	pau	0.0	7440
32	pau	0.0	7680
33	pau	0.0	7920
34	pau	0.0	8160
35	pau	0.0	8400
36	pau	0.0	8640
37	pau	0.0	8880
38	pau	0.0	9120
39	pau	0.0	9360
40	pau	0.0	9600
41	pau	0.0	9840
42	pau	0.0	10080
43	pau	0.0	10320
44	pau	0.0	10560
45	pau	0.0	10800
46	pau	0.0	11040
47	pau	0.0	11280
48	pau	0.0	11520
49	pau	0.0	11760
50	pau	0.0	12000
51	pau	0.0	12240
52	pau	0.0	12480
53	pau	0.0	12720
54	pau	0.0	12960
55	pau	0.0	13200
56	pau	0.0	13440
57	pau	0.0	13680
58	pau	0.0	13920
59	pau	0.0	14160
60	pau	0.0	14400
61	pau	0.0	14640
62	pau	0.0	14880
63	pau	0.0	15120
64	pau	0.0	15360
65	pau	0.0	15600
66	pau	0.0	15840
67	pau	0.0	16080
68	pau	0.0	16320
69	pau	0.0	16560
70	pau	0.0	16800
71	pau	0.0	17040
72	pau	0.0	17280
73	pau	0.0	17520
74	pau	0.0	17760
75	pau	0.0	18000
76	pau	0.0	18240
77	pau	0.0	18480
78	pau	0.0	18720
79	pau	0.0	18960
80	pau	0.0	19200
81	pau	0.0	19440
82	pau	0.0	19680
83	pau	0.0	19920
84	pau	0.0	20160
85	pau	0.0	20400
86	pau	0.0	20640
87	pau	0.0	20880
88	pau	0.0	21120
89	pau	0.0	21360
90	pau	0.0	21600
91	pau	0.0	21840
92	pau	0.0	22080
93	pau	0.0	22320
94	pau	0.0	22560
95	pau	0.0	22800
96	pau	0.0	23040
97	pau	0.0	23280
98	pau	0.0	23520
99	pau	0.0	23760
100	pau	0.0	24000
101	pau	0.0	24240
102	pau	0.0	24480
103	pau	0.0	24720
104	pau	0.0	24960
105	pau	0.0	25200
106	pau	0.0	25440
107	pau	0.0	25680
108	pau	0.0	25920
109	pau	0.0	26160
110	pau	0.0	26400
111	pau	0.0	26640
112	pau	0.0	26880
113	pau	0.0	27120
114	pau	0.0	27360
115	pau	0.0	27600
116	pau	0.0	27840
117	pau	0.0	28080
118	pau	0.0	28320
119	pau	0.0	28560
120	pau	0.0	28800
121	pau	0.0	29040
122	pau	0.0	29280
123	pau	0.0	29520
124	pau	0.0	29760
125	pau	0.0	30000
126	pau	0.0	30240
127	pau	0.0	30480
128	pau	97.682373046875	30720
129	pau	98.20691680908203	30960
130	pau	98.73516082763672	31200
131	pau	99.6862564086914	31440
132	pau	101.06625366210938	31680
133	pau	103.00300598144531	31920
134	pau	105.6624984741211	32160
135	pau	109.28414154052734	32400
136	pau	114.21794891357422	32640
137	pau	121.37991333007812	32880
138	pau	133.04286193847656	33120
0	AY	0.0	0
1	AY	0.0	240
2	AY	0.0	480
3	AY	0.0	720
4	AY	0.0	960
5	AY	0.0	1200
6	AY	0.0	1440
7	AY	0.0	1680
8	AY	0.0	1920
9	AY	0.0	2160
10	AY	0.0	2400
11	AY	0.0	2640
12	AY	0.0	2880
13	AY	0.0	3120
14	AY	0.0	3360
15	AY	0.0	3600
16	AY	0.0	3840
17	AY	0.0	4080
18	AY	0.0	4320
19	AY	123.26810455322266	4560
20	AY	138.38262939453125	4800
21	AY	151.99871826171875	5040
22	AY	164.36341857910156	5280
23	AY	175.9152374267578	5520
24	AY	188.07310485839844	5760
25	AY	190.19241333007812	6000
26	AY	192.07594299316406	6240
27	AY	193.82212829589844	6480
28	AY	195.44439697265625	6720
29	AY	196.8736572265625	6960
30	AY	197.88070678710938	7200
31	AY	198.36886596679688	7440
32	AY	198.62759399414062	7680
33	AY	198.6240692138672	7920
34	AY	198.00289916992188	8160
35	AY	196.28421020507812	8400
36	AY	194.24305725097656	8640
37	AY	191.97291564941406	8880
0	F	189.1294708251953	0
1	F	202.85643005371094	240
2	F	212.01589965820312	480
3	F	0.0	720
4	F	0.0	960
5	F	0.0	1200
6	F	0.0	1440
7	F	0.0	1680
8	F	0.0	1920
9	F	0.0	2160
10	F	0.0	2400
11	F	0.0	2640
12	F	0.0	2880
13	F	0.0	3120
14	F	0.0	3360
15	F	0.0	3600
16	F	0.0	3840
17	F	0.0	4080
18	F	0.0	4320
19	F	0.0	4560
20	F	0.0	4800
21	F	0.0	5040
22	F	0.0	5280
23	F	0.0	5520
0	AW	221.11428833007812	0
1	AW	228.58277893066406	240
2	AW	237.77162170410156	480
3	AW	249.2692413330078	720
4	AW	0.0	960
5	AW	0.0	1200
6	AW	0.0	1440
7	AW	0.0	1680
8	AW	0.0	1920
9	AW	0.0	2160
10	AW	249.6985321044922	2400
11	AW	249.9278106689453	2640
12	AW	250.1834716796875	2880
13	AW	250.43777465820312	3120
14	AW	250.69459533691406	3360
15	AW	250.95628356933594	3600
16	AW	251.2254638671875	3840
17	AW	251.5046844482422	4080
18	AW	251.79721069335938	4320
19	AW	252.10240173339844	4560
20	AW	252.44610595703125	4800
21	AW	252.69790649414062	5040
22	AW	253.74954223632812	5280
23	AW	255.88539123535156	5520
24	AW	258.4151306152344	5760
25	AW	260.8081970214844	6000
26	AW	263.3692321777344	6240
0	N	264.60821533203125	0
1	N	268.2678527832031	240
2	N	275.354248046875	480
3	N	281.41766357421875	720
4	N	282.63128662109375	960
5	N	282.85736083984375	1200
6	N	283.0753173828125	1440
7	N	283.09088134765625	1680
8	N	283.2838134765625	1920
9	N	281.35906982421875	2160
10	N	276.75244140625	2400
11	N	270.8861389160156	2640
12	N	263.9440002441406	2880
13	N	257.44732666015625	3120
0	D	251.69461059570312	0
1	D	244.79234313964844	240
2	D	237.1945037841797	480
3	D	224.69357299804688	720
4	D	207.37094116210938	960
5	D	0.0	1200
6	D	0.0	1440
7	D	0.0	1680
8	D	0.0	1920
0	HH	0.0	0
1	HH	0.0	240
2	HH	0.0	480
3	HH	0.0	720
4	HH	0.0	960
5	HH	0.0	1200
6	HH	0.0	1440
7	HH	191.2802734375	1680
8	HH	182.88983154296875	1920
9	HH	174.25506591796875	2160
10	HH	174.3419189453125	2400
11	HH	176.61106872558594	2640
12	HH	178.91299438476562	2880
13	HH	181.92738342285156	3120
14	HH	185.59429931640625	3360
15	HH	191.11923217773438	3600
16	HH	0.0	3840
17	HH	0.0	4080
18	HH	0.0	4320
19	HH	0.0	4560
20	HH	0.0	4800
21	HH	0.0	5040
0	ER	193.73875427246094	0
1	ER	194.33843994140625	240
2	ER	194.6914520263672	480
3	ER	194.64315795898438	720
4	ER	194.30372619628906	960
5	ER	192.23329162597656	1200
6	ER	190.50653076171875	1440
7	ER	188.94361877441406	1680
8	ER	187.34715270996094	1920
9	ER	186.19822692871094	2160
10	ER	185.15235900878906	2400
11	ER	184.15956115722656	2640
12	ER	183.18678283691406	2880
13	ER	182.21853637695312	3120
14	ER	181.23956298828125	3360
15	ER	180.22227478027344	3600
16	ER	179.10784912109375	3840
17	ER	177.71726989746094	4080
18	ER	174.03892517089844	4320
19	ER	170.35845947265625	4560
0	W	167.5478515625	0
1	W	165.3936004638672	240
2	W	163.4996795654297	480
3	W	161.8133087158203	720
4	W	160.5936737060547	960
5	W	161.8108367919922	1200
6	W	163.4547119140625	1440
7	W	165.5701446533203	1680
8	W	169.3728790283203	1920
9	W	172.03518676757812	2160
10	W	174.8369140625	2400
11	W	176.26646423339844	2640
12	W	178.2425079345703	2880
13	W	180.20297241210938	3120
14	W	181.67723083496094	3360
15	W	182.79281616210938	3600
16	W	183.81301879882812	3840
17	W	184.81402587890625	4080
18	W	185.81883239746094	4320
0	EH	186.732421875	0
1	EH	188.28555297851562	240
2	EH	189.7519073486328	480
3	EH	190.89346313476562	720
4	EH	191.9901580810547	960
5	EH	193.19454956054688	1200
6	EH	194.26437377929688	1440
7	EH	194.94744873046875	1680
8	EH	195.09124755859375	1920
9	EH	195.05372619628906	2160
10	EH	194.9053497314453	2400
11	EH	194.60267639160156	2640
12	EH	193.8359375	2880
13	EH	192.91807556152344	3120
0	R	192.7888641357422	0
1	R	193.33966064453125	240
2	R	194.3543701171875	480
3	R	195.4431915283203	720
4	R	196.26661682128906	960
5	R	196.85842895507812	1200
6	R	197.19772338867188	1440
7	R	197.1793975830078	1680
8	R	197.29319763183594	1920
9	R	197.5394744873047	2160
10	R	197.9405975341797	2400
11	R	198.50717163085938	2640
12	R	199.25425720214844	2880
13	R	200.20591735839844	3120
14	R	201.43142700195312	3360
15	R	202.85623168945312	3600
0	AY	0.0	0
1	AY	0.0	240
2	AY	0.0	480
3	AY	204.41323852539062	720
4	AY	205.96481323242188	960
5	AY	207.42849731445312	1200
6	AY	208.80624389648438	1440
7	AY	210.23104858398438	1680
8	AY	212.07647705078125	1920
9	AY	216.08468627929688	2160
10	AY	220.7557373046875	2400
11	AY	225.47625732421875	2640
12	AY	230.0555877685547	2880
13	AY	234.40306091308594	3120
14	AY	238.4788360595703	3360
15	AY	242.25042724609375	3600
16	AY	245.65890502929688	3840
17	AY	248.5504608154297	4080
18	AY	250.56202697753906	4320
19	AY	250.52365112304688	4560
20	AY	248.62716674804688	4800
21	AY	246.24081420898438	5040
22	AY	243.79412841796875	5280
23	AY	241.442138671875	5520
24	AY	239.18685913085938	5760
25	AY	236.91558837890625	6000
26	AY	234.26193237304688	6240
27	AY	230.60336303710938	6480
28	AY	226.6810302734375	6720
29	AY	222.49679565429688	6960
0	HH	217.4421844482422	0
1	HH	198.55322265625	240
2	HH	186.6613006591797	480
3	HH	175.44566345214844	720
4	HH	165.30235290527344	960
5	HH	161.1976318359375	1200
6	HH	158.24362182617188	1440
7	HH	156.7396240234375	1680
8	HH	156.50074768066406	1920
9	HH	157.5135040283203	2160
10	HH	159.85606384277344	2400
11	HH	163.77780151367188	2640
12	HH	169.33914184570312	2880
13	HH	173.34768676757812	3120
14	HH	177.25157165527344	3360
15	HH	181.2431182861328	3600
0	AE	183.42803955078125	0
1	AE	185.4383544921875	240
2	AE	187.78224182128906	480
3	AE	187.23764038085938	720
4	AE	183.44915771484375	960
5	AE	180.87152099609375	1200
6	AE	179.09170532226562	1440
7	AE	179.1304168701172	1680
8	AE	179.0956268310547	1920
9	AE	179.002685546875	2160
10	AE	178.59303283691406	2400
11	AE	174.6256103515625	2640
0	D	173.36154174804688	0
1	D	192.7649383544922	240
2	D	210.44131469726562	480
3	D	0.0	720
4	D	0.0	960
5	D	0.0	1200
6	D	0.0	1440
7	D	0.0	1680
8	D	0.0	1920
9	D	0.0	2160
10	D	0.0	2400
11	D	0.0	2640
0	F	0.0	0
1	F	0.0	240
2	F	0.0	480
3	F	0.0	720
4	F	0.0	960
5	F	0.0	1200
6	F	0.0	1440
7	F	0.0	1680
8	F	0.0	1920
9	F	0.0	2160
10	F	0.0	2400
11	F	0.0	2640
12	F	0.0	2880
13	F	0.0	3120
14	F	0.0	3360
15	F	0.0	3600
16	F	0.0	3840
17	F	0.0	4080
18	F	0.0	4320
0	AW	226.6213836669922	0
1	AW	238.01300048828125	240
2	AW	252.33966064453125	480
3	AW	270.1810607910156	720
4	AW	275.5111083984375	960
5	AW	279.2697448730469	1200
6	AW	281.93115234375	1440
7	AW	283.5723571777344	1680
8	AW	284.22711181640625	1920
9	AW	283.9866943359375	2160
10	AW	283.4884948730469	2400
11	AW	283.7074890136719	2640
12	AW	283.9775390625	2880
13	AW	284.3330078125	3120
14	AW	284.7735900878906	3360
15	AW	285.30010986328125	3600
16	AW	285.9136047363281	3840
17	AW	286.6152648925781	4080
18	AW	287.40643310546875	4320
19	AW	288.2886962890625	4560
20	AW	289.2598876953125	4800
21	AW	290.4491882324219	5040
22	AW	289.0240173339844	5280
23	AW	284.41845703125	5520
24	AW	279.24652099609375	5760
25	AW	273.2179870605469	6000
26	AW	262.1328125	6240
0	N	250.664306640625	0
1	N	243.1615447998047	240
2	N	238.8350372314453	480
3	N	233.72195434570312	720
4	N	229.9227294921875	960
5	N	226.50315856933594	1200
6	N	223.3739776611328	1440
7	N	220.4501190185547	1680
8	N	217.63067626953125	1920
9	N	214.62374877929688	2160
10	N	211.31735229492188	2400
11	N	207.664306640625	2640
12	N	204.26681518554688	2880
13	N	201.0624542236328	3120
0	D	198.39404296875	0
1	D	195.0644989013672	240
2	D	0.0	480
3	D	0.0	720
4	D	190.8314208984375	960
5	D	0.0	1200
6	D	0.0	1440
7	D	0.0	1680
8	D	0.0	1920
0	HH	0.0	0
1	HH	0.0	240
2	HH	0.0	480
3	HH	0.0	720
4	HH	183.57965087890625	960
5	HH	180.79562377929688	1200
6	HH	178.4207000732422	1440
7	HH	176.59786987304688	1680
8	HH	175.069580078125	1920
9	HH	173.70779418945312	2160
10	HH	171.68780517578125	2400
11	HH	173.51828002929688	2640
12	HH	176.36700439453125	2880
13	HH	179.52833557128906	3120
14	HH	184.0257110595703	3360
15	HH	0.0	3600
16	HH	0.0	3840
17	HH	0.0	4080
0	ER	186.45945739746094	0
1	ER	186.94900512695312	240
2	ER	187.11886596679688	480
3	ER	186.82310485839844	720
4	ER	186.1527099609375	960
5	ER	184.0025177001953	1200
6	ER	182.22801208496094	1440
7	ER	180.7212677001953	1680
8	ER	179.45672607421875	1920
9	ER	179.45130920410156	2160
10	ER	179.8812255859375	2400
11	ER	180.4642791748047	2640
12	ER	181.12059020996094	2880
13	ER	181.8274688720703	3120
14	ER	182.574462890625	3360
15	ER	183.3320770263672	3600
16	ER	184.02471923828125	3840
17	ER	184.21148681640625	4080
18	ER	181.664306640625	4320
19	ER	179.04051208496094	4560
0	DH	176.2025909423828	0
1	DH	177.32763671875	240
2	DH	0.0	480
3	DH	0.0	720
4	DH	0.0	960
5	DH	0.0	1200
6	DH	0.0	1440
7	DH	0.0	1680
8	DH	0.0	1920
9	DH	0.0	2160
10	DH	0.0	2400
11	DH	0.0	2640
12	DH	0.0	2880
13	DH	0.0	3120
14	DH	0.0	3360
15	DH	0.0	3600
16	DH	0.0	3840
17	DH	0.0	4080
18	DH	0.0	4320
19	DH	0.0	4560
20	DH	0.0	4800
21	DH	0.0	5040
0	IY	0.0	0
1	IY	0.0	240
2	IY	0.0	480
3	IY	174.48196411132812	720
4	IY	171.04115295410156	960
5	IY	170.74925231933594	1200
6	IY	170.78977966308594	1440
7	IY	171.0157012939453	1680
8	IY	171.3852081298828	1920
9	IY	171.88101196289062	2160
10	IY	172.50013732910156	2400
11	IY	173.2452392578125	2640
12	IY	174.12391662597656	2880
13	IY	175.1571807861328	3120
14	IY	176.14126586914062	3360
15	IY	177.3083038330078	3600
16	IY	179.30691528320312	3840
17	IY	181.37149047851562	4080
18	IY	183.41455078125	4320
0	IY	185.23410034179688	0
1	IY	186.74102783203125	240
2	IY	188.2730255126953	480
3	IY	189.97848510742188	720
4	IY	192.58839416503906	960
5	IY	194.69642639160156	1200
6	IY	196.8802947998047	1440
7	IY	199.06765747070312	1680
8	IY	201.2504119873047	1920
9	IY	203.36798095703125	2160
10	IY	205.18362426757812	2400
11	IY	205.91346740722656	2640
12	IY	205.92538452148438	2880
13	IY	205.67457580566406	3120
14	IY	205.2152099609375	3360
15	IY	204.38194274902344	3600
16	IY	203.06729125976562	3840
0	V	200.80966186523438	0
1	V	197.34954833984375	240
2	V	196.14627075195312	480
3	V	196.130126953125	720
4	V	195.17005920410156	960
5	V	190.0881805419922	1200
6	V	184.5850830078125	1440
7	V	182.05636596679688	1680
8	V	0.0	1920
9	V	0.0	2160
10	V	0.0	2400
11	V	0.0	2640
12	V	0.0	2880
13	V	0.0	3120
14	V	0.0	3360
0	N	182.6257781982422	0
1	N	188.761474609375	240
2	N	191.9233856201172	480
3	N	191.42344665527344	720
4	N	188.0071258544922	960
5	N	183.25967407226562	1200
6	N	179.18972778320312	1440
7	N	173.99559020996094	1680
8	N	172.2808837890625	1920
9	N	171.77804565429688	2160
10	N	171.83160400390625	2400
11	N	171.3735809326172	2640
0	IH	173.43556213378906	0
1	IH	177.2186279296875	240
2	IH	178.5034637451172	480
3	IH	178.45664978027344	720
4	IH	177.00924682617188	960
5	IH	175.64508056640625	1200
6	IH	174.7267608642578	1440
7	IH	174.9482879638672	1680
8	IH	175.03065490722656	1920
9	IH	175.03884887695312	2160
10	IH	174.9427032470703	2400
11	IH	174.61505126953125	2640
12	IH	173.31663513183594	2880
0	NG	172.53399658203125	0
1	NG	173.79600524902344	240
2	NG	175.26217651367188	480
3	NG	176.26173400878906	720
4	NG	176.4736785888672	960
5	NG	176.2294921875	1200
6	NG	175.873046875	1440
7	NG	175.47315979003906	1680
8	NG	174.9846649169922	1920
9	NG	174.2587432861328	2160
10	NG	173.15814208984375	2400
11	NG	170.87530517578125	2640
0	B	169.32684326171875	0
1	B	169.72293090820312	240
2	B	170.63072204589844	480
3	B	175.54031372070312	720
4	B	179.7703857421875	960
5	B	0.0	1200
6	B	0.0	1440
7	B	0.0	1680
8	B	0.0	1920
9	B	0.0	2160
10	B	0.0	2400
11	B	0.0	2640
12	B	0.0	2880
13	B	0.0	3120
14	B	188.4708251953125	3360
15	B	221.30596923828125	3600
16	B	0.0	3840
0	IY	229.96060180664062	0
1	IY	232.35243225097656	240
2	IY	237.91481018066406	480
3	IY	238.5603485107422	720
4	IY	239.5419158935547	960
5	IY	240.89161682128906	1200
6	IY	242.55120849609375	1440
7	IY	243.97129821777344	1680
8	IY	245.28494262695312	1920
9	IY	246.5228729248047	2160
10	IY	247.6847686767578	2400
11	IY	248.7672576904297	2640
12	IY	249.86744689941406	2880
13	IY	250.2005157470703	3120
14	IY	246.40667724609375	3360
15	IY	242.42837524414062	3600
16	IY	238.574951171875	3840
17	IY	234.58570861816406	4080
18	IY	230.29058837890625	4320
19	IY	226.0629425048828	4560
0	F	222.48052978515625	0
1	F	223.56561279296875	240
2	F	226.39657592773438	480
3	F	0.0	720
4	F	0.0	960
5	F	0.0	1200
6	F	0.0	1440
7	F	0.0	1680
8	F	0.0	1920
9	F	0.0	2160
10	F	0.0	2400
11	F	0.0	2640
12	F	0.0	2880
13	F	0.0	3120
14	F	0.0	3360
15	F	0.0	3600
16	F	0.0	3840
17	F	0.0	4080
18	F	0.0	4320
19	F	0.0	4560
20	F	0.0	4800
21	F	0.0	5040
22	F	0.0	5280
23	F	0.0	5520
24	F	0.0	5760
0	AO	235.1892852783203	0
1	AO	252.29246520996094	240
2	AO	243.57403564453125	480
3	AO	235.8700408935547	720
4	AO	228.6953125	960
5	AO	224.9457550048828	1200
6	AO	221.0070037841797	1440
7	AO	216.14610290527344	1680
8	AO	210.4693603515625	1920
9	AO	203.9811248779297	2160
10	AO	196.69337463378906	2400
11	AO	188.73468017578125	2640
12	AO	179.31045532226562	2880
13	AO	174.8274383544922	3120
14	AO	171.11990356445312	3360
15	AO	167.93370056152344	3600
16	AO	165.15875244140625	3840
17	AO	162.7117156982422	4080
18	AO	160.5321044921875	4320
19	AO	158.57252502441406	4560
20	AO	156.79405212402344	4800
21	AO	155.16368103027344	5040
22	AO	153.65277099609375	5280
23	AO	152.23605346679688	5520
24	AO	150.8911590576172	5760
25	AO	149.59857177734375	6000
26	AO	148.3421630859375	6240
27	AO	147.11093139648438	6480
28	AO	145.90252685546875	6720
29	AO	144.73226928710938	6960
30	AO	143.6357421875	7200
31	AO	142.7526092529297	7440
32	AO	142.10450744628906	7680
33	AO	141.39906311035156	7920
34	AO	140.5946044921875	8160
35	AO	139.6793212890625	8400
36	AO	138.64149475097656	8640
37	AO	137.46429443359375	8880
38	AO	136.08692932128906	9120
0	R	133.78948974609375	0
1	R	126.8096694946289	240
2	R	121.6441879272461	480
3	R	116.28536224365234	720
4	R	110.39286804199219	960
5	R	103.42601776123047	1200
6	R	94.99932098388672	1440
7	R	84.44850158691406	1680
8	R	0.0	1920
9	R	0.0	2160
10	R	73.4350814819336	2400
11	R	0.0	2640
12	R	0.0	2880
13	R	0.0	3120
14	R	0.0	3360
15	R	0.0	3600
0	sp	0.0	0
1	sp	0.0	240
2	sp	0.0	480
3	sp	0.0	720
4	sp	0.0	960
5	sp	0.0	1200
6	sp	0.0	1440
7	sp	0.0	1680
8	sp	0.0	1920
9	sp	59.88542175292969	2160
10	sp	52.9664306640625	2400
11	sp	48.68462371826172	2640
12	sp	46.055355072021484	2880
13	sp	44.4897346496582	3120
14	sp	43.67861557006836	3360
15	sp	43.471004486083984	3600
16	sp	43.82949447631836	3840
17	sp	44.81901168823242	4080
18	sp	46.62612533569336	4320
19	sp	49.61725616455078	4560
20	sp	54.48328399658203	4800
21	sp	62.47058868408203	5040
22	sp	76.86864471435547	5280
23	sp	0.0	5520
24	sp	0.0	5760
25	sp	0.0	6000
26	sp	0.0	6240
27	sp	0.0	6480
28	sp	0.0	6720
29	sp	0.0	6960
30	sp	0.0	7200
31	sp	0.0	7440
32	sp	0.0	7680
33	sp	0.0	7920
34	sp	0.0	8160
35	sp	0.0	8400
36	sp	0.0	8640
37	sp	0.0	8880
38	sp	0.0	9120
39	sp	0.0	9360
40	sp	0.0	9600
41	sp	0.0	9840
42	sp	0.0	10080
43	sp	0.0	10320
44	sp	0.0	10560
45	sp	0.0	10800
46	sp	0.0	11040
47	sp	0.0	11280
48	sp	0.0	11520
49	sp	0.0	11760
50	sp	0.0	12000
51	sp	0.0	12240
52	sp	0.0	12480
53	sp	0.0	12720
54	sp	0.0	12960
55	sp	0.0	13200
56	sp	0.0	13440
57	sp	0.0	13680
58	sp	0.0	13920
59	sp	0.0	14160
60	sp	0.0	14400
61	sp	0.0	14640
62	sp	0.0	14880
63	sp	0.0	15120
64	sp	0.0	15360
0	B	0.0	0
1	B	0.0	240
2	B	0.0	480
3	B	0.0	720
4	B	0.0	960
5	B	0.0	1200
6	B	0.0	1440
7	B	0.0	1680
8	B	0.0	1920
9	B	0.0	2160
10	B	0.0	2400
11	B	0.0	2640
12	B	0.0	2880
13	B	0.0	3120
14	B	0.0	3360
15	B	0.0	3600
16	B	0.0	3840
17	B	0.0	4080
18	B	0.0	4320
0	AH	0.0	0
1	AH	0.0	240
2	AH	0.0	480
3	AH	101.04557037353516	720
4	AH	122.5577621459961	960
5	AH	0.0	1200
6	AH	0.0	1440
7	AH	0.0	1680
8	AH	0.0	1920
9	AH	0.0	2160
0	T	0.0	0
1	T	0.0	240
2	T	0.0	480
3	T	0.0	720
4	T	0.0	960
5	T	0.0	1200
6	T	0.0	1440
7	T	0.0	1680
8	T	0.0	1920
9	T	0.0	2160
10	T	0.0	2400
11	T	0.0	2640
12	T	0.0	2880
0	SH	0.0	0
1	SH	0.0	240
2	SH	0.0	480
3	SH	0.0	720
4	SH	0.0	960
5	SH	0.0	1200
6	SH	0.0	1440
7	SH	0.0	1680
8	SH	0.0	1920
9	SH	0.0	2160
10	SH	0.0	2400
11	SH	0.0	2640
12	SH	0.0	2880
13	SH	0.0	3120
14	SH	0.0	3360
15	SH	0.0	3600
16	SH	0.0	3840
17	SH	0.0	4080
18	SH	0.0	4320
19	SH	0.0	4560
20	SH	0.0	4800
21	SH	0.0	5040
22	SH	0.0	5280
23	SH	0.0	5520
0	IY	0.0	0
1	IY	0.0	240
2	IY	0.0	480
3	IY	132.41522216796875	720
4	IY	139.6273193359375	960
5	IY	146.2053985595703	1200
6	IY	152.1761016845703	1440
7	IY	153.3551025390625	1680
8	IY	153.36685180664062	1920
9	IY	153.49566650390625	2160
10	IY	153.73011779785156	2400
11	IY	154.07626342773438	2640
12	IY	154.5418701171875	2880
13	IY	155.08750915527344	3120
14	IY	156.5859832763672	3360
15	IY	158.1422576904297	3600
16	IY	159.5844268798828	3840
17	IY	160.73056030273438	4080
18	IY	159.62628173828125	4320
19	IY	158.27723693847656	4560
20	IY	156.7891845703125	4800
21	IY	155.18202209472656	5040
22	IY	153.4307861328125	5280
0	M	151.07843017578125	0
1	M	150.6171417236328	240
2	M	154.1121826171875	480
3	M	160.4781494140625	720
4	M	163.3883819580078	960
5	M	165.034423828125	1200
6	M	166.596923828125	1440
7	M	170.94850158691406	1680
8	M	177.20497131347656	1920
9	M	183.5221710205078	2160
10	M	189.79612731933594	2400
11	M	195.99488830566406	2640
12	M	202.18661499023438	2880
13	M	207.6726531982422	3120
14	M	208.2144775390625	3360
0	EH	211.6956329345703	0
1	EH	215.91453552246094	240
2	EH	211.82249450683594	480
3	EH	207.5777587890625	720
4	EH	204.7664337158203	960
5	EH	200.83229064941406	1200
6	EH	196.577880859375	1440
7	EH	192.03175354003906	1680
8	EH	187.0435028076172	1920
9	EH	180.80735778808594	2160
10	EH	174.47128295898438	2400
11	EH	169.01943969726562	2640
12	EH	164.3710174560547	2880
13	EH	160.31594848632812	3120
14	EH	0.0	3360
15	EH	0.0	3600
16	EH	0.0	3840
17	EH	0.0	4080
18	EH	0.0	4320
19	EH	0.0	4560
0	T	0.0	0
1	T	0.0	240
2	T	0.0	480
3	T	0.0	720
4	T	0.0	960
5	T	0.0	1200
6	T	0.0	1440
7	T	0.0	1680
8	T	0.0	1920
9	T	0.0	2160
10	T	0.0	2400
11	T	0.0	2640
12	T	0.0	2880
0	M	0.0	0
1	M	0.0	240
2	M	0.0	480
3	M	0.0	720
4	M	0.0	960
5	M	158.38003540039062	1200
6	M	162.83741760253906	1440
7	M	165.8654327392578	1680
8	M	168.87176513671875	1920
9	M	171.17701721191406	2160
10	M	173.65811157226562	2400
11	M	176.2788848876953	2640
12	M	179.22958374023438	2880
0	AY	186.28089904785156	0
1	AY	189.77223205566406	240
2	AY	194.71363830566406	480
3	AY	193.69757080078125	720
4	AY	193.06578063964844	960
5	AY	192.3931121826172	1200
6	AY	191.6179656982422	1440
7	AY	190.74276733398438	1680
8	AY	189.8374481201172	1920
9	AY	189.27456665039062	2160
10	AY	188.82337951660156	2400
11	AY	188.45623779296875	2640
12	AY	188.1592559814453	2880
13	AY	187.9275360107422	3120
14	AY	187.75831604003906	3360
15	AY	187.6483917236328	3600
16	AY	187.59043884277344	3840
17	AY	187.5625762939453	4080
18	AY	187.49957275390625	4320
19	AY	187.20599365234375	4560
20	AY	185.14053344726562	4800
21	AY	182.69944763183594	5040
22	AY	180.16238403320312	5280
23	AY	177.59848022460938	5520
24	AY	174.99990844726562	5760
25	AY	172.2815399169922	6000
26	AY	169.09286499023438	6240
27	AY	164.8667449951172	6480
28	AY	160.1941680908203	6720
29	AY	154.8538818359375	6960
0	K	149.31834411621094	0
1	K	150.4906005859375	240
2	K	154.92921447753906	480
3	K	166.00497436523438	720
4	K	0.0	960
5	K	0.0	1200
6	K	0.0	1440
7	K	0.0	1680
8	K	0.0	1920
9	K	0.0	2160
10	K	0.0	2400
11	K	0.0	2640
12	K	0.0	2880
13	K	0.0	3120
14	K	0.0	3360
0	W	0.0	0
1	W	0.0	240
2	W	0.0	480
3	W	0.0	720
4	W	0.0	960
5	W	0.0	1200
6	W	182.65469360351562	1440
7	W	194.17367553710938	1680
8	W	196.2703399658203	1920
9	W	197.1870880126953	2160
10	W	199.3419189453125	2400
11	W	201.7120819091797	2640
0	IH	204.4950714111328	0
1	IH	207.47100830078125	240
2	IH	211.4215545654297	480
3	IH	218.5986328125	720
4	IH	222.2401885986328	960
5	IH	224.5529022216797	1200
6	IH	226.65817260742188	1440
7	IH	228.6173095703125	1680
8	IH	229.22837829589844	1920
9	IH	227.7219696044922	2160
10	IH	226.5845947265625	2400
11	IH	225.35797119140625	2640
12	IH	0.0	2880
13	IH	0.0	3120
14	IH	0.0	3360
0	K	0.0	0
1	K	0.0	240
2	K	0.0	480
3	K	0.0	720
4	K	0.0	960
5	K	0.0	1200
6	K	0.0	1440
7	K	0.0	1680
8	K	0.0	1920
9	K	0.0	2160
10	K	0.0	2400
11	K	0.0	2640
12	K	0.0	2880
13	K	0.0	3120
14	K	0.0	3360
15	K	0.0	3600
0	CH	0.0	0
1	CH	0.0	240
2	CH	0.0	480
3	CH	0.0	720
4	CH	0.0	960
5	CH	0.0	1200
6	CH	0.0	1440
7	CH	0.0	1680
8	CH	0.0	1920
9	CH	0.0	2160
10	CH	0.0	2400
11	CH	0.0	2640
12	CH	0.0	2880
13	CH	0.0	3120
14	CH	0.0	3360
15	CH	0.0	3600
16	CH	0.0	3840
17	CH	0.0	4080
18	CH	0.0	4320
19	CH	0.0	4560
20	CH	0.0	4800
21	CH	0.0	5040
22	CH	0.0	5280
23	CH	0.0	5520
24	CH	0.0	5760
0	AE	0.0	0
1	AE	0.0	240
2	AE	228.58340454101562	480
3	AE	257.4871826171875	720
4	AE	256.8434753417969	960
5	AE	254.16920471191406	1200
6	AE	250.43402099609375	1440
7	AE	245.90045166015625	1680
8	AE	240.94029235839844	1920
9	AE	236.4906005859375	2160
10	AE	233.3608856201172	2400
11	AE	230.77508544921875	2640
12	AE	228.51832580566406	2880
13	AE	226.4827880859375	3120
14	AE	224.61497497558594	3360
15	AE	222.8670196533203	3600
16	AE	221.15673828125	3840
17	AE	219.31077575683594	4080
18	AE	216.84568786621094	4320
19	AE	211.06314086914062	4560
20	AE	205.0409698486328	4800
0	L	198.97975158691406	0
1	L	195.884765625	240
2	L	194.42526245117188	480
3	L	192.98516845703125	720
4	L	191.7200927734375	960
5	L	190.5650177001953	1200
6	L	188.81979370117188	1440
7	L	186.6619873046875	1680
8	L	184.3757781982422	1920
9	L	182.07723999023438	2160
10	L	179.85025024414062	2400
11	L	177.80140686035156	2640
12	L	176.0493621826172	2880
13	L	177.21826171875	3120
0	AH	180.67953491210938	0
1	AH	178.0367431640625	240
2	AH	175.41357421875	480
3	AH	173.11593627929688	720
4	AH	170.91497802734375	960
5	AH	169.04571533203125	1200
6	AH	167.34254455566406	1440
7	AH	165.80038452148438	1680
8	AH	164.40762329101562	1920
9	AH	163.15444946289062	2160
10	AH	162.0314178466797	2400
11	AH	161.02867126464844	2640
12	AH	160.13333129882812	2880
13	AH	159.32151794433594	3120
14	AH	158.5404510498047	3360
15	AH	157.62733459472656	3600
16	AH	156.0968017578125	3840
0	N	156.35353088378906	0
1	N	162.26101684570312	240
2	N	162.43460083007812	480
3	N	161.97885131835938	720
4	N	161.74913024902344	960
5	N	161.34605407714844	1200
6	N	160.8732147216797	1440
7	N	160.34901428222656	1680
8	N	159.75848388671875	1920
9	N	159.293701171875	2160
10	N	158.8097686767578	2400
11	N	158.2332305908203	2640
12	N	156.9165802001953	2880
13	N	155.60838317871094	3120
14	N	154.3180694580078	3360
15	N	153.04153442382812	3600
16	N	151.78038024902344	3840
17	N	150.53553771972656	4080
0	JH	151.5115509033203	0
1	JH	154.02035522460938	240
2	JH	156.3197021484375	480
3	JH	157.94662475585938	720
4	JH	159.08267211914062	960
5	JH	159.7022705078125	1200
6	JH	159.45211791992188	1440
7	JH	0.0	1680
8	JH	0.0	1920
9	JH	0.0	2160
10	JH	0.0	2400
11	JH	0.0	2640
12	JH	0.0	2880
13	JH	0.0	3120
14	JH	0.0	3360
15	JH	0.0	3600
16	JH	0.0	3840
17	JH	0.0	4080
18	JH	0.0	4320
19	JH	0.0	4560
0	W	0.0	0
1	W	0.0	240
2	W	0.0	480
3	W	0.0	720
4	W	0.0	960
5	W	161.30264282226562	1200
6	W	161.289306640625	1440
7	W	159.67987060546875	1680
8	W	158.92543029785156	1920
9	W	158.6678466796875	2160
10	W	157.92611694335938	2400
0	IH	156.9602813720703	0
1	IH	156.1347198486328	240
2	IH	154.93675231933594	480
3	IH	153.32080078125	720
4	IH	151.63157653808594	960
5	IH	149.45864868164062	1200
6	IH	146.8956756591797	1440
7	IH	143.89846801757812	1680
8	IH	138.87045288085938	1920
0	DH	132.49546813964844	0
1	DH	130.2555694580078	240
2	DH	129.1653289794922	480
3	DH	128.9071044921875	720
4	DH	129.39369201660156	960
5	DH	130.608642578125	1200
6	DH	135.3528594970703	1440
7	DH	136.44378662109375	1680
8	DH	138.6201171875	1920
9	DH	141.11062622070312	2160
10	DH	144.31690979003906	2400
11	DH	146.59457397460938	2640
12	DH	148.60757446289062	2880
13	DH	151.55259704589844	3120
14	DH	156.42929077148438	3360
15	DH	0.0	3600
16	DH	0.0	3840
17	DH	0.0	4080
18	DH	0.0	4320
0	B	0.0	0
1	B	0.0	240
2	B	0.0	480
3	B	0.0	720
4	B	0.0	960
5	B	0.0	1200
6	B	0.0	1440
7	B	0.0	1680
8	B	0.0	1920
9	B	0.0	2160
10	B	0.0	2400
11	B	0.0	2640
12	B	0.0	2880
13	B	0.0	3120
14	B	0.0	3360
15	B	0.0	3600
16	B	0.0	3840
17	B	0.0	4080
18	B	0.0	4320
19	B	0.0	4560
20	B	0.0	4800
21	B	0.0	5040
22	B	0.0	5280
23	B	0.0	5520
24	B	0.0	5760
25	B	0.0	6000
26	B	0.0	6240
27	B	0.0	6480
28	B	0.0	6720
29	B	0.0	6960
30	B	0.0	7200
31	B	0.0	7440
32	B	0.0	7680
33	B	0.0	7920
34	B	0.0	8160
35	B	0.0	8400
36	B	0.0	8640
37	B	0.0	8880
38	B	0.0	9120
39	B	0.0	9360
0	L	0.0	0
1	L	0.0	240
2	L	0.0	480
3	L	159.34861755371094	720
4	L	159.9283447265625	960
5	L	160.27577209472656	1200
6	L	160.6804962158203	1440
7	L	161.00584411621094	1680
8	L	161.12855529785156	1920
9	L	161.3614959716797	2160
10	L	161.69554138183594	2400
11	L	162.21636962890625	2640
0	AE	164.3960418701172	0
1	AE	165.89373779296875	240
2	AE	166.3403778076172	480
3	AE	165.01393127441406	720
4	AE	163.5097198486328	960
5	AE	161.75856018066406	1200
6	AE	159.4921875	1440
7	AE	156.11761474609375	1680
8	AE	151.5673370361328	1920
9	AE	145.70407104492188	2160
10	AE	138.40391540527344	2400
11	AE	129.66329956054688	2640
12	AE	120.44635009765625	2880
13	AE	119.06126403808594	3120
14	AE	118.24933624267578	3360
15	AE	117.5658950805664	3600
16	AE	116.97821044921875	3840
17	AE	116.47066497802734	4080
18	AE	116.03089904785156	4320
19	AE	115.6483383178711	4560
20	AE	115.31549072265625	4800
21	AE	115.00302124023438	5040
22	AE	114.89717102050781	5280
23	AE	117.90516662597656	5520
24	AE	120.52799224853516	5760
25	AE	122.91497039794922	6000
26	AE	125.11715698242188	6240
27	AE	127.18582916259766	6480
28	AE	129.23095703125	6720
0	NG	130.55812072753906	0
1	NG	132.38218688964844	240
2	NG	134.59059143066406	480
3	NG	135.50514221191406	720
4	NG	136.25437927246094	960
5	NG	136.1414337158203	1200
6	NG	135.93624877929688	1440
7	NG	135.6624298095703	1680
8	NG	135.324951171875	1920
9	NG	134.9198455810547	2160
10	NG	134.42416381835938	2400
11	NG	133.71360778808594	2640
12	NG	132.3856658935547	2880
13	NG	130.79727172851562	3120
14	NG	128.97482299804688	3360
15	NG	126.92216491699219	3600
16	NG	124.64173889160156	3840
17	NG	122.13203430175781	4080
18	NG	119.3017807006836	4320
19	NG	115.06053924560547	4560
20	NG	98.51625061035156	4800
21	NG	83.63372039794922	5040
0	K	0.0	0
1	K	0.0	240
2	K	0.0	480
3	K	0.0	720
4	K	0.0	960
5	K	0.0	1200
6	K	0.0	1440
7	K	0.0	1680
8	K	0.0	1920
9	K	0.0	2160
10	K	0.0	2400
11	K	0.0	2640
12	K	72.30110931396484	2880
13	K	68.08793640136719	3120
14	K	71.0764389038086	3360
15	K	83.24163055419922	3600
0	sp	0.0	0
1	sp	0.0	240
2	sp	0.0	480
3	sp	0.0	720
4	sp	0.0	960
5	sp	0.0	1200
6	sp	0.0	1440
7	sp	0.0	1680
8	sp	0.0	1920
9	sp	0.0	2160
10	sp	0.0	2400
11	sp	0.0	2640
12	sp	0.0	2880
13	sp	0.0	3120
14	sp	0.0	3360
15	sp	0.0	3600
16	sp	0.0	3840
17	sp	0.0	4080
18	sp	0.0	4320
19	sp	0.0	4560
20	sp	0.0	4800
21	sp	0.0	5040
22	sp	0.0	5280
23	sp	0.0	5520
24	sp	0.0	5760
25	sp	0.0	6000
26	sp	0.0	6240
27	sp	0.0	6480
28	sp	0.0	6720
29	sp	0.0	6960
30	sp	0.0	7200
31	sp	0.0	7440
32	sp	0.0	7680
33	sp	0.0	7920
34	sp	0.0	8160
35	sp	0.0	8400
36	sp	0.0	8640
37	sp	0.0	8880
38	sp	0.0	9120
39	sp	0.0	9360
40	sp	0.0	9600
41	sp	0.0	9840
42	sp	0.0	10080
43	sp	0.0	10320
44	sp	0.0	10560
45	sp	0.0	10800
46	sp	0.0	11040
47	sp	0.0	11280
48	sp	0.0	11520
49	sp	0.0	11760
50	sp	0.0	12000
51	sp	0.0	12240
52	sp	0.0	12480
53	sp	0.0	12720
54	sp	0.0	12960
55	sp	0.0	13200
56	sp	0.0	13440
57	sp	0.0	13680
58	sp	0.0	13920
59	sp	0.0	14160
60	sp	0.0	14400
61	sp	0.0	14640
62	sp	0.0	14880
63	sp	0.0	15120
64	sp	0.0	15360
65	sp	0.0	15600
66	sp	0.0	15840
67	sp	0.0	16080
68	sp	0.0	16320
69	sp	0.0	16560
70	sp	0.0	16800
71	sp	0.0	17040
72	sp	0.0	17280
73	sp	0.0	17520
74	sp	0.0	17760
75	sp	0.0	18000
76	sp	0.0	18240
0	S	0.0	0
1	S	0.0	240
2	S	0.0	480
3	S	0.0	720
4	S	0.0	960
5	S	0.0	1200
6	S	0.0	1440
7	S	0.0	1680
8	S	0.0	1920
9	S	0.0	2160
10	S	0.0	2400
11	S	0.0	2640
12	S	0.0	2880
13	S	0.0	3120
14	S	0.0	3360
15	S	0.0	3600
16	S	0.0	3840
17	S	0.0	4080
18	S	0.0	4320
19	S	0.0	4560
20	S	0.0	4800
21	S	0.0	5040
22	S	0.0	5280
0	K	0.0	0
1	K	0.0	240
2	K	0.0	480
3	K	0.0	720
4	K	0.0	960
5	K	0.0	1200
6	K	0.0	1440
7	K	0.0	1680
8	K	0.0	1920
9	K	0.0	2160
10	K	0.0	2400
11	K	0.0	2640
12	K	0.0	2880
13	K	0.0	3120
14	K	0.0	3360
0	EH	0.0	0
1	EH	0.0	240
2	EH	110.28277587890625	480
3	EH	113.98579406738281	720
4	EH	116.95467376708984	960
5	EH	119.52503967285156	1200
6	EH	121.8331298828125	1440
7	EH	123.95477294921875	1680
8	EH	125.96836853027344	1920
9	EH	128.04083251953125	2160
10	EH	130.15655517578125	2400
11	EH	132.2041778564453	2640
12	EH	134.12646484375	2880
13	EH	135.89617919921875	3120
14	EH	137.50047302246094	3360
15	EH	138.9344940185547	3600
16	EH	140.19886779785156	3840
17	EH	141.3002471923828	4080
18	EH	142.2551727294922	4320
19	EH	143.0991668701172	4560
20	EH	143.9101104736328	4800
21	EH	144.83013916015625	5040
22	EH	146.2572021484375	5280
23	EH	147.96945190429688	5520
0	R	149.969482421875	0
1	R	151.49588012695312	240
2	R	152.5164337158203	480
3	R	152.7074432373047	720
4	R	148.17138671875	960
5	R	152.52682495117188	1200
0	D	159.01846313476562	0
1	D	169.49673461914062	240
2	D	178.86492919921875	480
3	D	0.0	720
4	D	0.0	960
5	D	0.0	1200
6	D	0.0	1440
7	D	190.57398986816406	1680
8	D	210.464599609375	1920
9	D	0.0	2160
10	D	0.0	2400
11	D	0.0	2640
0	IH	210.36375427246094	0
1	IH	203.36236572265625	240
2	IH	196.90432739257812	480
3	IH	192.9419708251953	720
4	IH	190.130126953125	960
5	IH	186.93942260742188	1200
6	IH	183.51651000976562	1440
7	IH	180.1100616455078	1680
8	IH	176.671630859375	1920
9	IH	172.1729278564453	2160
10	IH	167.5758819580078	2400
11	IH	162.77484130859375	2640
0	G	157.48963928222656	0
1	G	160.18820190429688	240
2	G	159.90553283691406	480
3	G	159.60101318359375	720
4	G	159.44444274902344	960
5	G	0.0	1200
6	G	0.0	1440
7	G	0.0	1680
8	G	0.0	1920
9	G	0.0	2160
10	G	0.0	2400
0	N	0.0	0
1	N	0.0	240
2	N	158.32791137695312	480
3	N	152.85360717773438	720
4	N	150.59841918945312	960
5	N	148.5205841064453	1200
6	N	146.53045654296875	1440
7	N	144.6064910888672	1680
8	N	142.86854553222656	1920
9	N	142.07748413085938	2160
10	N	141.77357482910156	2400
11	N	141.6304168701172	2640
12	N	140.75881958007812	2880
0	ER	139.8040008544922	0
1	ER	138.0734405517578	240
2	ER	135.71559143066406	480
3	ER	133.78770446777344	720
4	ER	131.12786865234375	960
5	ER	128.40573120117188	1200
6	ER	125.81370544433594	1440
7	ER	123.63018798828125	1680
8	ER	122.187744140625	1920
9	ER	121.06053161621094	2160
10	ER	120.1336898803711	2400
11	ER	119.35372161865234	2640
12	ER	118.6875	2880
13	ER	118.10981750488281	3120
14	ER	117.59980773925781	3360
15	ER	117.13957214355469	3600
16	ER	116.71366119384766	3840
17	ER	116.30964660644531	4080
18	ER	115.92528533935547	4320
19	ER	115.56471252441406	4560
20	ER	115.43621826171875	4800
21	ER	126.023193359375	5040
22	ER	137.86239624023438	5280
0	AH	139.385986328125	0
1	AH	139.90843200683594	240
2	AH	139.81680297851562	480
3	AH	139.22706604003906	720
4	AH	138.03602600097656	960
5	AH	135.0727081298828	1200
6	AH	134.21873474121094	1440
7	AH	133.87925720214844	1680
8	AH	133.6713409423828	1920
9	AH	133.54164123535156	2160
10	AH	133.4741668701172	2400
11	AH	133.45530700683594	2640
12	AH	133.43560791015625	2880
13	AH	133.11666870117188	3120
0	N	132.10394287109375	0
1	N	135.86488342285156	240
2	N	138.87083435058594	480
3	N	140.0970916748047	720
4	N	138.7270965576172	960
5	N	136.219482421875	1200
6	N	133.931884765625	1440
7	N	131.78565979003906	1680
8	N	129.73158264160156	1920
9	N	127.72161102294922	2160
10	N	125.71092224121094	2400
11	N	123.6566162109375	2640
12	N	121.5219955444336	2880
13	N	119.17179107666016	3120
14	N	117.0841064453125	3360
15	N	0.0	3600
16	N	0.0	3840
17	N	0.0	4080
18	N	0.0	4320
19	N	0.0	4560
20	N	0.0	4800
21	N	0.0	5040
22	N	0.0	5280
23	N	0.0	5520
24	N	0.0	5760
25	N	0.0	6000
26	N	0.0	6240
27	N	0.0	6480
28	N	0.0	6720
29	N	0.0	6960
30	N	0.0	7200
31	N	0.0	7440
32	N	0.0	7680
33	N	0.0	7920
34	N	0.0	8160
35	N	0.0	8400
36	N	0.0	8640
37	N	0.0	8880
38	N	0.0	9120
39	N	0.0	9360
40	N	0.0	9600
41	N	0.0	9840
42	N	0.0	10080
43	N	0.0	10320
44	N	0.0	10560
45	N	0.0	10800
46	N	0.0	11040
47	N	0.0	11280
48	N	0.0	11520
49	N	0.0	11760
50	N	0.0	12000
0	S	0.0	0
1	S	0.0	240
2	S	0.0	480
3	S	0.0	720
4	S	0.0	960
5	S	0.0	1200
6	S	0.0	1440
7	S	0.0	1680
8	S	0.0	1920
9	S	0.0	2160
10	S	0.0	2400
11	S	0.0	2640
12	S	0.0	2880
13	S	0.0	3120
14	S	0.0	3360
15	S	0.0	3600
16	S	0.0	3840
17	S	0.0	4080
18	S	0.0	4320
19	S	0.0	4560
20	S	0.0	4800
21	S	0.0	5040
22	S	0.0	5280
23	S	0.0	5520
24	S	0.0	5760
25	S	0.0	6000
26	S	0.0	6240
27	S	0.0	6480
28	S	0.0	6720
29	S	0.0	6960
30	S	0.0	7200
31	S	0.0	7440
32	S	0.0	7680
33	S	0.0	7920
34	S	0.0	8160
35	S	0.0	8400
36	S	0.0	8640
37	S	0.0	8880
38	S	0.0	9120
39	S	0.0	9360
40	S	0.0	9600
41	S	0.0	9840
42	S	0.0	10080
43	S	0.0	10320
44	S	0.0	10560
45	S	0.0	10800
46	S	0.0	11040
47	S	0.0	11280
48	S	0.0	11520
49	S	0.0	11760
50	S	0.0	12000
51	S	0.0	12240
52	S	0.0	12480
53	S	0.0	12720
54	S	0.0	12960
55	S	0.0	13200
56	S	0.0	13440
57	S	0.0	13680
58	S	0.0	13920
59	S	0.0	14160
60	S	0.0	14400
61	S	0.0	14640
62	S	0.0	14880
63	S	0.0	15120
64	S	0.0	15360
65	S	0.0	15600
66	S	0.0	15840
67	S	0.0	16080
68	S	0.0	16320
69	S	0.0	16560
70	S	0.0	16800
0	pau	0.0	0
1	pau	0.0	240
2	pau	0.0	480
3	pau	0.0	720
4	pau	0.0	960
5	pau	0.0	1200
6	pau	0.0	1440
7	pau	0.0	1680
8	pau	0.0	1920
9	pau	0.0	2160
10	pau	0.0	2400
11	pau	0.0	2640
12	pau	0.0	2880
13	pau	0.0	3120
14	pau	0.0	3360
15	pau	0.0	3600
16	pau	0.0	3840
17	pau	0.0	4080
18	pau	0.0	4320
19	pau	0.0	4560
20	pau	0.0	4800
21	pau	0.0	5040
22	pau	0.0	5280
23	pau	0.0	5520
24	pau	0.0	5760
25	pau	0.0	6000
26	pau	0.0	6240
27	pau	0.0	6480
28	pau	0.0	6720
29	pau	0.0	6960
30	pau	0.0	7200
31	pau	0.0	7440
32	pau	0.0	7680
33	pau	0.0	7920
34	pau	0.0	8160
35	pau	0.0	8400
36	pau	0.0	8640
37	pau	0.0	8880
38	pau	0.0	9120
39	pau	0.0	9360
40	pau	0.0	9600
41	pau	0.0	9840
42	pau	0.0	10080
43	pau	0.0	10320
44	pau	0.0	10560
45	pau	0.0	10800
46	pau	0.0	11040
47	pau	0.0	11280
48	pau	0.0	11520
49	pau	0.0	11760
50	pau	0.0	12000
51	pau	0.0	12240
52	pau	0.0	12480
53	pau	0.0	12720
54	pau	0.0	12960
55	pau	0.0	13200
56	pau	0.0	13440
57	pau	0.0	13680
58	pau	0.0	13920
59	pau	0.0	14160
60	pau	0.0	14400
61	pau	0.0	14640
62	pau	0.0	14880
63	pau	0.0	15120
64	pau	0.0	15360
65	pau	0.0	15600
66	pau	0.0	15840
67	pau	0.0	16080
68	pau	0.0	16320
69	pau	0.0	16560
70	pau	0.0	16800
71	pau	0.0	17040
72	pau	0.0	17280
73	pau	0.0	17520
74	pau	0.0	17760
75	pau	0.0	18000
76	pau	0.0	18240
77	pau	0.0	18480
78	pau	0.0	18720
79	pau	0.0	18960
80	pau	0.0	19200
81	pau	0.0	19440
82	pau	0.0	19680
83	pau	0.0	19920
84	pau	0.0	20160
85	pau	0.0	20400
86	pau	0.0	20640
87	pau	0.0	20880
88	pau	0.0	21120
89	pau	0.0	21360
90	pau	0.0	21600
91	pau	0.0	21840
92	pau	0.0	22080
93	pau	0.0	22320
94	pau	0.0	22560
95	pau	0.0	22800
96	pau	0.0	23040
97	pau	0.0	23280
98	pau	0.0	23520
99	pau	0.0	23760
100	pau	0.0	24000
101	pau	0.0	24240
102	pau	0.0	24480
103	pau	0.0	24720
104	pau	0.0	24960
105	pau	0.0	25200
106	pau	0.0	25440
107	pau	0.0	25680
108	pau	0.0	25920
109	pau	0.0	26160
110	pau	0.0	26400
111	pau	0.0	26640
112	pau	0.0	26880
113	pau	0.0	27120
114	pau	0.0	27360
115	pau	0.0	27600
116	pau	0.0	27840
117	pau	0.0	28080
118	pau	0.0	28320
119	pau	0.0	28560
120	pau	0.0	28800
121	pau	0.0	29040
122	pau	0.0	29280
123	pau	0.0	29520
124	pau	0.0	29760
125	pau	0.0	30000
126	pau	0.0	30240
127	pau	0.0	30480
128	pau	0.0	30720
129	pau	0.0	30960
130	pau	0.0	31200
131	pau	0.0	31440
132	pau	0.0	31680
133	pau	0.0	31920
134	pau	0.0	32160
135	pau	0.0	32400
136	pau	0.0	32640
137	pau	0.0	32880
138	pau	0.0	33120
